Arguments: 
  C:\Program Files\nodejs\node.exe C:\Users\Fawzi Dahamsheh\AppData\Roaming\npm\node_modules\yarn\bin\yarn.js install

PATH: 
  C:\Program Files (x86)\Common Files\Oracle\Java\javapath;C:\app\FawziDahamsheh\product\18.0.0\dbhomeXE\bin;C:\Program Files\Eclipse Foundation\jdk-11.0.12.7-hotspot\bin;C:\Windows\system32;C:\Windows;C:\Windows\System32\Wbem;C:\Windows\System32\WindowsPowerShell\v1.0\;C:\Windows\System32\OpenSSH\;C:\Program Files (x86)\NVIDIA Corporation\PhysX\Common;C:\Program Files\NVIDIA Corporation\NVIDIA NvDLISR;C:\WINDOWS\system32;C:\WINDOWS;C:\WINDOWS\System32\Wbem;C:\WINDOWS\System32\WindowsPowerShell\v1.0\;C:\WINDOWS\System32\OpenSSH\;C:\Program Files\Git\cmd;C:\Program Files\Docker\Docker\resources\bin;C:\ProgramData\DockerDesktop\version-bin;C:\Program Files\nodejs\;C:\Program Files\MySQL\MySQL Server 8.0\bin\;C:\Users\Fawzi Dahamsheh\AppData\Local\Microsoft\WindowsApps;C:\Users\Fawzi Dahamsheh\Flutter\flutter\bin;C:\Program Files\JetBrains\IntelliJ IDEA Community Edition 2021.2.2\bin;C:\Miscellaneous\Maven\apache-maven-3.8.3\bin;C:\Program Files\heroku\bin;C:\Users\Fawzi Dahamsheh\AppData\Local\Programs\Microsoft VS Code\bin;C:\Program Files\JetBrains\IntelliJ IDEA 2021.3.1\bin;;C:\Program Files\JetBrains\WebStorm 2021.3.1\bin;;C:\Users\Fawzi Dahamsheh\AppData\Roaming\npm

Yarn version: 
  1.22.17

Node version: 
  16.13.2

Platform: 
  win32 x64

Trace: 
  Error: EPERM: operation not permitted, mkdir 'C:\Users\FawziDahamsheh\AppData\Local\Yarn\Cache\v6\npm-detect-libc-1.0.3-fa137c4bd698edf55cd5cd02ac559f91a4c4ba9b-integrity'

npm manifest: 
  {
    "name": "backend",
    "packageManager": "yarn@1.22.15",
    "scripts": {
      "start": "node server.js",
      "dev" : "nodemon server.js"
    },
    "dependencies": {
      "bcrypt": "^5.0.1",
      "cors": "^2.8.5",
      "dotenv": "^15.0.0",
      "express": "^4.17.2",
      "jsonwebtoken": "^8.5.1",
      "mongoose": "^6.1.9"
    }
  }

yarn manifest: 
  No manifest

Lockfile: 
  # THIS IS AN AUTOGENERATED FILE. DO NOT EDIT THIS FILE DIRECTLY.
  # yarn lockfile v1
